<?xml version="1.0" encoding="UTF-8"?>
<testng-results ignored="0" total="1" passed="1" failed="0" skipped="0">
  <reporter-output>
  </reporter-output>
  <suite started-at="2022-08-19T16:06:28 AST" name="Default suite" finished-at="2022-08-19T16:06:34 AST" duration-ms="5591">
    <groups>
    </groups>
    <test started-at="2022-08-19T16:06:28 AST" name="Default test" finished-at="2022-08-19T16:06:34 AST" duration-ms="5591">
      <class name="ass1W10D2.ChromWebDriverAss1W10D2">
        <test-method is-config="true" signature="setUp()[pri:0, instance:ass1W10D2.ChromWebDriverAss1W10D2@6fe7aac8]" started-at="2022-08-19T16:06:20 AST" name="setUp" finished-at="2022-08-19T16:06:28 AST" duration-ms="8521" status="PASS">
          <reporter-output>
          </reporter-output>
        </test-method> <!-- setUp -->
        <test-method signature="TestNG()[pri:0, instance:ass1W10D2.ChromWebDriverAss1W10D2@6fe7aac8]" started-at="2022-08-19T16:06:29 AST" name="TestNG" finished-at="2022-08-19T16:06:34 AST" duration-ms="5451" status="PASS">
          <reporter-output>
          </reporter-output>
        </test-method> <!-- TestNG -->
        <test-method is-config="true" signature="terminateBrowser()[pri:0, instance:ass1W10D2.ChromWebDriverAss1W10D2@6fe7aac8]" started-at="2022-08-19T16:06:34 AST" name="terminateBrowser" finished-at="2022-08-19T16:06:35 AST" duration-ms="543" status="PASS">
          <reporter-output>
          </reporter-output>
        </test-method> <!-- terminateBrowser -->
      </class> <!-- ass1W10D2.ChromWebDriverAss1W10D2 -->
    </test> <!-- Default test -->
  </suite> <!-- Default suite -->
</testng-results>
